This is pdfTeX, Version 3.14159265-2.6-1.40.20 (TeX Live 2019) (preloaded format=pdflatex 2019.5.13)  13 MAY 2019 11:32
entering extended mode
 restricted \write18 enabled.
 file:line:error style messages enabled.
 %&-line parsing enabled.
**WhitePaper_EN-1.tex
(./WhitePaper_EN-1.tex
LaTeX2e <2018-12-01>
(/usr/local/texlive/2019/texmf-dist/tex/latex/base/article.cls
Document Class: article 2018/09/03 v1.4i Standard LaTeX document class
(/usr/local/texlive/2019/texmf-dist/tex/latex/base/size10.clo
File: size10.clo 2018/09/03 v1.4i Standard LaTeX file (size option)
)
\c@part=\count80
\c@section=\count81
\c@subsection=\count82
\c@subsubsection=\count83
\c@paragraph=\count84
\c@subparagraph=\count85
\c@figure=\count86
\c@table=\count87
\abovecaptionskip=\skip41
\belowcaptionskip=\skip42
\bibindent=\dimen102
)
(/usr/local/texlive/2019/texmf-dist/tex/latex/geometry/geometry.sty
Package: geometry 2018/04/16 v5.8 Page Geometry

(/usr/local/texlive/2019/texmf-dist/tex/latex/graphics/keyval.sty
Package: keyval 2014/10/28 v1.15 key=value parser (DPC)
\KV@toks@=\toks14
)
(/usr/local/texlive/2019/texmf-dist/tex/generic/oberdiek/ifpdf.sty
Package: ifpdf 2018/09/07 v3.3 Provides the ifpdf switch
)
(/usr/local/texlive/2019/texmf-dist/tex/generic/oberdiek/ifvtex.sty
Package: ifvtex 2016/05/16 v1.6 Detect VTeX and its facilities (HO)
Package ifvtex Info: VTeX not detected.
)
(/usr/local/texlive/2019/texmf-dist/tex/generic/ifxetex/ifxetex.sty
Package: ifxetex 2010/09/12 v0.6 Provides ifxetex conditional
)
\Gm@cnth=\count88
\Gm@cntv=\count89
\c@Gm@tempcnt=\count90
\Gm@bindingoffset=\dimen103
\Gm@wd@mp=\dimen104
\Gm@odd@mp=\dimen105
\Gm@even@mp=\dimen106
\Gm@layoutwidth=\dimen107
\Gm@layoutheight=\dimen108
\Gm@layouthoffset=\dimen109
\Gm@layoutvoffset=\dimen110
\Gm@dimlist=\toks15
)
(/usr/local/texlive/2019/texmf-dist/tex/latex/amsmath/amsmath.sty
Package: amsmath 2018/12/01 v2.17b AMS math features
\@mathmargin=\skip43

For additional information on amsmath, use the `?' option.
(/usr/local/texlive/2019/texmf-dist/tex/latex/amsmath/amstext.sty
Package: amstext 2000/06/29 v2.01 AMS text

(/usr/local/texlive/2019/texmf-dist/tex/latex/amsmath/amsgen.sty
File: amsgen.sty 1999/11/30 v2.0 generic functions
\@emptytoks=\toks16
\ex@=\dimen111
))
(/usr/local/texlive/2019/texmf-dist/tex/latex/amsmath/amsbsy.sty
Package: amsbsy 1999/11/29 v1.2d Bold Symbols
\pmbraise@=\dimen112
)
(/usr/local/texlive/2019/texmf-dist/tex/latex/amsmath/amsopn.sty
Package: amsopn 2016/03/08 v2.02 operator names
)
\inf@bad=\count91
LaTeX Info: Redefining \frac on input line 223.
\uproot@=\count92
\leftroot@=\count93
LaTeX Info: Redefining \overline on input line 385.
\classnum@=\count94
\DOTSCASE@=\count95
LaTeX Info: Redefining \ldots on input line 482.
LaTeX Info: Redefining \dots on input line 485.
LaTeX Info: Redefining \cdots on input line 606.
\Mathstrutbox@=\box27
\strutbox@=\box28
\big@size=\dimen113
LaTeX Font Info:    Redeclaring font encoding OML on input line 729.
LaTeX Font Info:    Redeclaring font encoding OMS on input line 730.
\macc@depth=\count96
\c@MaxMatrixCols=\count97
\dotsspace@=\muskip10
\c@parentequation=\count98
\dspbrk@lvl=\count99
\tag@help=\toks17
\row@=\count100
\column@=\count101
\maxfields@=\count102
\andhelp@=\toks18
\eqnshift@=\dimen114
\alignsep@=\dimen115
\tagshift@=\dimen116
\tagwidth@=\dimen117
\totwidth@=\dimen118
\lineht@=\dimen119
\@envbody=\toks19
\multlinegap=\skip44
\multlinetaggap=\skip45
\mathdisplay@stack=\toks20
LaTeX Info: Redefining \[ on input line 2844.
LaTeX Info: Redefining \] on input line 2845.
)
(/usr/local/texlive/2019/texmf-dist/tex/latex/amsfonts/amssymb.sty
Package: amssymb 2013/01/14 v3.01 AMS font symbols

(/usr/local/texlive/2019/texmf-dist/tex/latex/amsfonts/amsfonts.sty
Package: amsfonts 2013/01/14 v3.01 Basic AMSFonts support
\symAMSa=\mathgroup4
\symAMSb=\mathgroup5
LaTeX Font Info:    Overwriting math alphabet `\mathfrak' in version `bold'
(Font)                  U/euf/m/n --> U/euf/b/n on input line 106.
))
(/usr/local/texlive/2019/texmf-dist/tex/latex/amscls/amsthm.sty
Package: amsthm 2017/10/31 v2.20.4
\thm@style=\toks21
\thm@bodyfont=\toks22
\thm@headfont=\toks23
\thm@notefont=\toks24
\thm@headpunct=\toks25
\thm@preskip=\skip46
\thm@postskip=\skip47
\thm@headsep=\skip48
\dth@everypar=\toks26
)
(/usr/local/texlive/2019/texmf-dist/tex/latex/graphics/graphicx.sty
Package: graphicx 2017/06/01 v1.1a Enhanced LaTeX Graphics (DPC,SPQR)

(/usr/local/texlive/2019/texmf-dist/tex/latex/graphics/graphics.sty
Package: graphics 2017/06/25 v1.2c Standard LaTeX Graphics (DPC,SPQR)

(/usr/local/texlive/2019/texmf-dist/tex/latex/graphics/trig.sty
Package: trig 2016/01/03 v1.10 sin cos tan (DPC)
)
(/usr/local/texlive/2019/texmf-dist/tex/latex/graphics-cfg/graphics.cfg
File: graphics.cfg 2016/06/04 v1.11 sample graphics configuration
)
Package graphics Info: Driver file: pdftex.def on input line 99.

(/usr/local/texlive/2019/texmf-dist/tex/latex/graphics-def/pdftex.def
File: pdftex.def 2018/01/08 v1.0l Graphics/color driver for pdftex
))
\Gin@req@height=\dimen120
\Gin@req@width=\dimen121
)
(/usr/local/texlive/2019/texmf-dist/tex/latex/tools/array.sty
Package: array 2018/12/30 v2.4k Tabular extension package (FMi)
\col@sep=\dimen122
\ar@mcellbox=\box29
\extrarowheight=\dimen123
\NC@list=\toks27
\extratabsurround=\skip49
\backup@length=\skip50
\ar@cellbox=\box30
)
(/usr/local/texlive/2019/texmf-dist/tex/latex/microtype/microtype.sty
Package: microtype 2019/02/28 v2.7b Micro-typographical refinements (RS)
\MT@toks=\toks28
\MT@count=\count103
LaTeX Info: Redefining \textls on input line 790.
\MT@outer@kern=\dimen124
LaTeX Info: Redefining \textmicrotypecontext on input line 1336.
\MT@listname@count=\count104

(/usr/local/texlive/2019/texmf-dist/tex/latex/microtype/microtype-pdftex.def
File: microtype-pdftex.def 2019/02/28 v2.7b Definitions specific to pdftex (RS)

LaTeX Info: Redefining \lsstyle on input line 914.
LaTeX Info: Redefining \lslig on input line 914.
\MT@outer@space=\skip51
)
Package microtype Info: Loading configuration file microtype.cfg.

(/usr/local/texlive/2019/texmf-dist/tex/latex/microtype/microtype.cfg
File: microtype.cfg 2019/02/28 v2.7b microtype main configuration file (RS)
))
(/usr/local/texlive/2019/texmf-dist/tex/latex/listings/listings.sty
\lst@mode=\count105
\lst@gtempboxa=\box31
\lst@token=\toks29
\lst@length=\count106
\lst@currlwidth=\dimen125
\lst@column=\count107
\lst@pos=\count108
\lst@lostspace=\dimen126
\lst@width=\dimen127
\lst@newlines=\count109
\lst@lineno=\count110
\lst@maxwidth=\dimen128

(/usr/local/texlive/2019/texmf-dist/tex/latex/listings/lstmisc.sty
File: lstmisc.sty 2019/02/27 1.8b (Carsten Heinz)
\c@lstnumber=\count111
\lst@skipnumbers=\count112
\lst@framebox=\box32
)
(/usr/local/texlive/2019/texmf-dist/tex/latex/listings/listings.cfg
File: listings.cfg 2019/02/27 1.8b listings configuration
))
Package: listings 2019/02/27 1.8b (Carsten Heinz)

(/usr/local/texlive/2019/texmf-dist/tex/generic/ulem/ulem.sty
\UL@box=\box33
\UL@hyphenbox=\box34
\UL@skip=\skip52
\UL@hook=\toks30
\UL@height=\dimen129
\UL@pe=\count113
\UL@pixel=\dimen130
\ULC@box=\box35
Package: ulem 2012/05/18
\ULdepth=\dimen131
)
(/usr/local/texlive/2019/texmf-dist/tex/latex/algorithmicx/algpseudocode.sty
Package: algpseudocode 

(/usr/local/texlive/2019/texmf-dist/tex/latex/base/ifthen.sty
Package: ifthen 2014/09/29 v1.1c Standard LaTeX ifthen package (DPC)
)
(/usr/local/texlive/2019/texmf-dist/tex/latex/algorithmicx/algorithmicx.sty
Package: algorithmicx 2005/04/27 v1.2 Algorithmicx

Document Style algorithmicx 1.2 - a greatly improved `algorithmic' style
\c@ALG@line=\count114
\c@ALG@rem=\count115
\c@ALG@nested=\count116
\ALG@tlm=\skip53
\ALG@thistlm=\skip54
\c@ALG@Lnr=\count117
\c@ALG@blocknr=\count118
\c@ALG@storecount=\count119
\c@ALG@tmpcounter=\count120
\ALG@tmplength=\skip55
)
Document Style - pseudocode environments for use with the `algorithmicx' style
) (/usr/local/texlive/2019/texmf-dist/tex/latex/hyperref/hyperref.sty
Package: hyperref 2018/11/30 v6.88e Hypertext links for LaTeX

(/usr/local/texlive/2019/texmf-dist/tex/generic/oberdiek/hobsub-hyperref.sty
Package: hobsub-hyperref 2016/05/16 v1.14 Bundle oberdiek, subset hyperref (HO)


(/usr/local/texlive/2019/texmf-dist/tex/generic/oberdiek/hobsub-generic.sty
Package: hobsub-generic 2016/05/16 v1.14 Bundle oberdiek, subset generic (HO)
Package: hobsub 2016/05/16 v1.14 Construct package bundles (HO)
Package: infwarerr 2016/05/16 v1.4 Providing info/warning/error messages (HO)
Package: ltxcmds 2016/05/16 v1.23 LaTeX kernel commands for general use (HO)
Package: ifluatex 2016/05/16 v1.4 Provides the ifluatex switch (HO)
Package ifluatex Info: LuaTeX not detected.
Package hobsub Info: Skipping package `ifvtex' (already loaded).
Package: intcalc 2016/05/16 v1.2 Expandable calculations with integers (HO)
Package hobsub Info: Skipping package `ifpdf' (already loaded).
Package: etexcmds 2016/05/16 v1.6 Avoid name clashes with e-TeX commands (HO)
Package: kvsetkeys 2016/05/16 v1.17 Key value parser (HO)
Package: kvdefinekeys 2016/05/16 v1.4 Define keys (HO)
Package: pdftexcmds 2018/09/10 v0.29 Utility functions of pdfTeX for LuaTeX (HO
)
Package pdftexcmds Info: LuaTeX not detected.
Package pdftexcmds Info: \pdf@primitive is available.
Package pdftexcmds Info: \pdf@ifprimitive is available.
Package pdftexcmds Info: \pdfdraftmode found.
Package: pdfescape 2016/05/16 v1.14 Implements pdfTeX's escape features (HO)
Package: bigintcalc 2016/05/16 v1.4 Expandable calculations on big integers (HO
)
Package: bitset 2016/05/16 v1.2 Handle bit-vector datatype (HO)
Package: uniquecounter 2016/05/16 v1.3 Provide unlimited unique counter (HO)
)
Package hobsub Info: Skipping package `hobsub' (already loaded).
Package: letltxmacro 2016/05/16 v1.5 Let assignment for LaTeX macros (HO)
Package: hopatch 2016/05/16 v1.3 Wrapper for package hooks (HO)
Package: xcolor-patch 2016/05/16 xcolor patch
Package: atveryend 2016/05/16 v1.9 Hooks at the very end of document (HO)
Package atveryend Info: \enddocument detected (standard20110627).
Package: atbegshi 2016/06/09 v1.18 At begin shipout hook (HO)
Package: refcount 2016/05/16 v3.5 Data extraction from label references (HO)
Package: hycolor 2016/05/16 v1.8 Color options for hyperref/bookmark (HO)
)
(/usr/local/texlive/2019/texmf-dist/tex/latex/oberdiek/auxhook.sty
Package: auxhook 2016/05/16 v1.4 Hooks for auxiliary files (HO)
)
(/usr/local/texlive/2019/texmf-dist/tex/latex/oberdiek/kvoptions.sty
Package: kvoptions 2016/05/16 v3.12 Key value format for package options (HO)
)
\@linkdim=\dimen132
\Hy@linkcounter=\count121
\Hy@pagecounter=\count122

(/usr/local/texlive/2019/texmf-dist/tex/latex/hyperref/pd1enc.def
File: pd1enc.def 2018/11/30 v6.88e Hyperref: PDFDocEncoding definition (HO)
Now handling font encoding PD1 ...
... no UTF-8 mapping file for font encoding PD1
)
\Hy@SavedSpaceFactor=\count123

(/usr/local/texlive/2019/texmf-dist/tex/latex/latexconfig/hyperref.cfg
File: hyperref.cfg 2002/06/06 v1.2 hyperref configuration of TeXLive
)
Package hyperref Info: Hyper figures OFF on input line 4519.
Package hyperref Info: Link nesting OFF on input line 4524.
Package hyperref Info: Hyper index ON on input line 4527.
Package hyperref Info: Plain pages OFF on input line 4534.
Package hyperref Info: Backreferencing OFF on input line 4539.
Package hyperref Info: Implicit mode ON; LaTeX internals redefined.
Package hyperref Info: Bookmarks ON on input line 4772.
\c@Hy@tempcnt=\count124

(/usr/local/texlive/2019/texmf-dist/tex/latex/url/url.sty
\Urlmuskip=\muskip11
Package: url 2013/09/16  ver 3.4  Verb mode for urls, etc.
)
LaTeX Info: Redefining \url on input line 5125.
\XeTeXLinkMargin=\dimen133
\Fld@menulength=\count125
\Field@Width=\dimen134
\Fld@charsize=\dimen135
Package hyperref Info: Hyper figures OFF on input line 6380.
Package hyperref Info: Link nesting OFF on input line 6385.
Package hyperref Info: Hyper index ON on input line 6388.
Package hyperref Info: backreferencing OFF on input line 6395.
Package hyperref Info: Link coloring OFF on input line 6400.
Package hyperref Info: Link coloring with OCG OFF on input line 6405.
Package hyperref Info: PDF/A mode OFF on input line 6410.
LaTeX Info: Redefining \ref on input line 6450.
LaTeX Info: Redefining \pageref on input line 6454.
\Hy@abspage=\count126
\c@Item=\count127
\c@Hfootnote=\count128
)
Package hyperref Info: Driver (autodetected): hpdftex.

(/usr/local/texlive/2019/texmf-dist/tex/latex/hyperref/hpdftex.def
File: hpdftex.def 2018/11/30 v6.88e Hyperref driver for pdfTeX
\Fld@listcount=\count129
\c@bookmark@seq@number=\count130

(/usr/local/texlive/2019/texmf-dist/tex/latex/oberdiek/rerunfilecheck.sty
Package: rerunfilecheck 2016/05/16 v1.8 Rerun checks for auxiliary files (HO)
Package uniquecounter Info: New unique counter `rerunfilecheck' on input line 2
82.
)
\Hy@SectionHShift=\skip56
)
(/usr/local/texlive/2019/texmf-dist/tex/latex/algorithm2e/algorithm2e.sty
Package: algorithm2e 2017/07/18 v5.2 algorithms environments
\c@AlgoLine=\count131
\algocf@hangindent=\skip57

(/usr/local/texlive/2019/texmf-dist/tex/latex/ifoddpage/ifoddpage.sty
Package: ifoddpage 2016/04/23 v1.1 Conditionals for odd/even page detection
\c@checkoddpage=\count132
)
(/usr/local/texlive/2019/texmf-dist/tex/latex/tools/xspace.sty
Package: xspace 2014/10/28 v1.13 Space after command names (DPC,MH)
)
(/usr/local/texlive/2019/texmf-dist/tex/latex/relsize/relsize.sty
Package: relsize 2013/03/29 ver 4.1
)
\skiptotal=\skip58
\skiplinenumber=\skip59
\skiprule=\skip60
\skiphlne=\skip61
\skiptext=\skip62
\skiplength=\skip63
\algomargin=\skip64
\skipalgocfslide=\skip65
\algowidth=\dimen136
\inoutsize=\dimen137
\inoutindent=\dimen138
\interspacetitleruled=\dimen139
\interspacealgoruled=\dimen140
\interspacetitleboxruled=\dimen141
\algocf@ruledwidth=\skip66
\algocf@inoutbox=\box36
\algocf@inputbox=\box37
\AlCapSkip=\skip67
\AlCapHSkip=\skip68
\algoskipindent=\skip69
\algocf@nlbox=\box38
\algocf@hangingbox=\box39
\algocf@untilbox=\box40
\algocf@skipuntil=\skip70
\algocf@capbox=\box41
\algocf@lcaptionbox=\skip71
\algoheightruledefault=\skip72
\algoheightrule=\skip73
\algotitleheightruledefault=\skip74
\algotitleheightrule=\skip75
\c@algocfline=\count133
\c@algocfproc=\count134
\c@algocf=\count135
\algocf@algoframe=\box42
\algocf@algobox=\box43
)
(/usr/local/texlive/2019/texmf-dist/tex/latex/pxfonts/pxfonts.sty
Package: pxfonts 2008/01/22 v1.1.1
LaTeX Font Info:    Redeclaring symbol font `operators' on input line 21.
LaTeX Font Info:    Overwriting symbol font `operators' in version `normal'
(Font)                  OT1/cmr/m/n --> OT1/pxr/m/n on input line 21.
LaTeX Font Info:    Overwriting symbol font `operators' in version `bold'
(Font)                  OT1/cmr/bx/n --> OT1/pxr/m/n on input line 21.
LaTeX Font Info:    Overwriting symbol font `operators' in version `bold'
(Font)                  OT1/pxr/m/n --> OT1/pxr/bx/n on input line 22.
\symitalic=\mathgroup6
LaTeX Font Info:    Overwriting symbol font `italic' in version `bold'
(Font)                  OT1/pxr/m/it --> OT1/pxr/bx/it on input line 26.
LaTeX Font Info:    Redeclaring math alphabet \mathbf on input line 29.
LaTeX Font Info:    Overwriting math alphabet `\mathbf' in version `normal'
(Font)                  OT1/cmr/bx/n --> OT1/pxr/bx/n on input line 29.
LaTeX Font Info:    Overwriting math alphabet `\mathbf' in version `bold'
(Font)                  OT1/cmr/bx/n --> OT1/pxr/bx/n on input line 29.
LaTeX Font Info:    Redeclaring math alphabet \mathit on input line 30.
LaTeX Font Info:    Overwriting math alphabet `\mathit' in version `normal'
(Font)                  OT1/cmr/m/it --> OT1/pxr/m/it on input line 30.
LaTeX Font Info:    Overwriting math alphabet `\mathit' in version `bold'
(Font)                  OT1/cmr/bx/it --> OT1/pxr/m/it on input line 30.
LaTeX Font Info:    Overwriting math alphabet `\mathit' in version `bold'
(Font)                  OT1/pxr/m/it --> OT1/pxr/bx/it on input line 31.
LaTeX Font Info:    Redeclaring math alphabet \mathsf on input line 40.
LaTeX Font Info:    Overwriting math alphabet `\mathsf' in version `normal'
(Font)                  OT1/cmss/m/n --> OT1/pxss/m/n on input line 40.
LaTeX Font Info:    Overwriting math alphabet `\mathsf' in version `bold'
(Font)                  OT1/cmss/bx/n --> OT1/pxss/m/n on input line 40.
LaTeX Font Info:    Overwriting math alphabet `\mathsf' in version `bold'
(Font)                  OT1/pxss/m/n --> OT1/pxss/b/n on input line 41.
LaTeX Font Info:    Redeclaring math alphabet \mathtt on input line 50.
LaTeX Font Info:    Overwriting math alphabet `\mathtt' in version `normal'
(Font)                  OT1/cmtt/m/n --> OT1/pxtt/m/n on input line 50.
LaTeX Font Info:    Overwriting math alphabet `\mathtt' in version `bold'
(Font)                  OT1/cmtt/m/n --> OT1/pxtt/m/n on input line 50.
LaTeX Font Info:    Overwriting math alphabet `\mathtt' in version `bold'
(Font)                  OT1/pxtt/m/n --> OT1/pxtt/b/n on input line 51.
LaTeX Font Info:    Redeclaring symbol font `letters' on input line 58.
LaTeX Font Info:    Overwriting symbol font `letters' in version `normal'
(Font)                  OML/cmm/m/it --> OML/pxmi/m/it on input line 58.
LaTeX Font Info:    Overwriting symbol font `letters' in version `bold'
(Font)                  OML/cmm/b/it --> OML/pxmi/m/it on input line 58.
LaTeX Font Info:    Overwriting symbol font `letters' in version `bold'
(Font)                  OML/pxmi/m/it --> OML/pxmi/bx/it on input line 59.
\symlettersA=\mathgroup7
LaTeX Font Info:    Overwriting symbol font `lettersA' in version `bold'
(Font)                  U/pxmia/m/it --> U/pxmia/bx/it on input line 67.
LaTeX Font Info:    Redeclaring math alphabet \mathfrak on input line 70.
LaTeX Font Info:    Redeclaring symbol font `symbols' on input line 77.
LaTeX Font Info:    Overwriting symbol font `symbols' in version `normal'
(Font)                  OMS/cmsy/m/n --> OMS/pxsy/m/n on input line 77.
LaTeX Font Info:    Overwriting symbol font `symbols' in version `bold'
(Font)                  OMS/cmsy/b/n --> OMS/pxsy/m/n on input line 77.
LaTeX Font Info:    Overwriting symbol font `symbols' in version `bold'
(Font)                  OMS/pxsy/m/n --> OMS/pxsy/bx/n on input line 78.
LaTeX Font Info:    Redeclaring symbol font `AMSa' on input line 93.
LaTeX Font Info:    Overwriting symbol font `AMSa' in version `normal'
(Font)                  U/msa/m/n --> U/pxsya/m/n on input line 93.
LaTeX Font Info:    Overwriting symbol font `AMSa' in version `bold'
(Font)                  U/msa/m/n --> U/pxsya/m/n on input line 93.
LaTeX Font Info:    Overwriting symbol font `AMSa' in version `bold'
(Font)                  U/pxsya/m/n --> U/pxsya/bx/n on input line 94.
LaTeX Font Info:    Redeclaring symbol font `AMSb' on input line 102.
LaTeX Font Info:    Overwriting symbol font `AMSb' in version `normal'
(Font)                  U/msb/m/n --> U/pxsyb/m/n on input line 102.
LaTeX Font Info:    Overwriting symbol font `AMSb' in version `bold'
(Font)                  U/msb/m/n --> U/pxsyb/m/n on input line 102.
LaTeX Font Info:    Overwriting symbol font `AMSb' in version `bold'
(Font)                  U/pxsyb/m/n --> U/pxsyb/bx/n on input line 103.
\symsymbolsC=\mathgroup8
LaTeX Font Info:    Overwriting symbol font `symbolsC' in version `bold'
(Font)                  U/pxsyc/m/n --> U/pxsyc/bx/n on input line 113.
LaTeX Font Info:    Redeclaring symbol font `largesymbols' on input line 120.
LaTeX Font Info:    Overwriting symbol font `largesymbols' in version `normal'
(Font)                  OMX/cmex/m/n --> OMX/pxex/m/n on input line 120.
LaTeX Font Info:    Overwriting symbol font `largesymbols' in version `bold'
(Font)                  OMX/cmex/m/n --> OMX/pxex/m/n on input line 120.
LaTeX Font Info:    Overwriting symbol font `largesymbols' in version `bold'
(Font)                  OMX/pxex/m/n --> OMX/pxex/bx/n on input line 121.
\symlargesymbolsA=\mathgroup9
LaTeX Font Info:    Overwriting symbol font `largesymbolsA' in version `bold'
(Font)                  U/pxexa/m/n --> U/pxexa/bx/n on input line 129.
LaTeX Info: Redefining \not on input line 997.
LaTeX Info: Redefining \textsquare on input line 1017.
LaTeX Info: Redefining \openbox on input line 1018.
)
(./WhitePaper_EN-1.aux)
\openout1 = `WhitePaper_EN-1.aux'.

LaTeX Font Info:    Checking defaults for OML/pxmi/m/it on input line 26.
LaTeX Font Info:    Try loading font information for OML+pxmi on input line 26.


(/usr/local/texlive/2019/texmf-dist/tex/latex/pxfonts/omlpxmi.fd
File: omlpxmi.fd 2000/12/14 v1.0
)
LaTeX Font Info:    ... okay on input line 26.
LaTeX Font Info:    Checking defaults for T1/cmr/m/n on input line 26.
LaTeX Font Info:    ... okay on input line 26.
LaTeX Font Info:    Checking defaults for OT1/cmr/m/n on input line 26.
LaTeX Font Info:    ... okay on input line 26.
LaTeX Font Info:    Checking defaults for OMS/pxsy/m/n on input line 26.
LaTeX Font Info:    Try loading font information for OMS+pxsy on input line 26.


(/usr/local/texlive/2019/texmf-dist/tex/latex/pxfonts/omspxsy.fd
File: omspxsy.fd 2000/12/14 v1.0
)
LaTeX Font Info:    ... okay on input line 26.
LaTeX Font Info:    Checking defaults for OMX/pxex/m/n on input line 26.
LaTeX Font Info:    Try loading font information for OMX+pxex on input line 26.


(/usr/local/texlive/2019/texmf-dist/tex/latex/pxfonts/omxpxex.fd
File: omxpxex.fd 2000/12/14 v1.0
)
LaTeX Font Info:    ... okay on input line 26.
LaTeX Font Info:    Checking defaults for U/pxexa/m/n on input line 26.
LaTeX Font Info:    Try loading font information for U+pxexa on input line 26.

(/usr/local/texlive/2019/texmf-dist/tex/latex/pxfonts/upxexa.fd
File: upxexa.fd 2000/12/14 v1.0
)
LaTeX Font Info:    ... okay on input line 26.
LaTeX Font Info:    Checking defaults for PD1/pdf/m/n on input line 26.
LaTeX Font Info:    ... okay on input line 26.
LaTeX Font Info:    Try loading font information for OT1+pxr on input line 26.

(/usr/local/texlive/2019/texmf-dist/tex/latex/pxfonts/ot1pxr.fd
File: ot1pxr.fd 2000/12/14 v1.0
)
*geometry* driver: auto-detecting
*geometry* detected driver: pdftex
*geometry* verbose mode - [ preamble ] result:
* driver: pdftex
* paper: a4paper
* layout: <same size as paper>
* layoutoffset:(h,v)=(0.0pt,0.0pt)
* modes: 
* h-part:(L,W,R)=(71.13188pt, 455.24411pt, 71.13188pt)
* v-part:(T,H,B)=(71.13188pt, 702.78308pt, 71.13188pt)
* \paperwidth=597.50787pt
* \paperheight=845.04684pt
* \textwidth=455.24411pt
* \textheight=702.78308pt
* \oddsidemargin=-1.1381pt
* \evensidemargin=-1.1381pt
* \topmargin=-38.1381pt
* \headheight=12.0pt
* \headsep=25.0pt
* \topskip=10.0pt
* \footskip=30.0pt
* \marginparwidth=57.0pt
* \marginparsep=11.0pt
* \columnsep=10.0pt
* \skip\footins=9.0pt plus 4.0pt minus 2.0pt
* \hoffset=0.0pt
* \voffset=0.0pt
* \mag=1000
* \@twocolumnfalse
* \@twosidefalse
* \@mparswitchfalse
* \@reversemarginfalse
* (1in=72.27pt=25.4mm, 1cm=28.453pt)

(/usr/local/texlive/2019/texmf-dist/tex/context/base/mkii/supp-pdf.mkii
[Loading MPS to PDF converter (version 2006.09.02).]
\scratchcounter=\count136
\scratchdimen=\dimen142
\scratchbox=\box44
\nofMPsegments=\count137
\nofMParguments=\count138
\everyMPshowfont=\toks31
\MPscratchCnt=\count139
\MPscratchDim=\dimen143
\MPnumerator=\count140
\makeMPintoPDFobject=\count141
\everyMPtoPDFconversion=\toks32
) (/usr/local/texlive/2019/texmf-dist/tex/latex/oberdiek/epstopdf-base.sty
Package: epstopdf-base 2016/05/15 v2.6 Base part for package epstopdf

(/usr/local/texlive/2019/texmf-dist/tex/latex/oberdiek/grfext.sty
Package: grfext 2016/05/16 v1.2 Manage graphics extensions (HO)
)
Package epstopdf-base Info: Redefining graphics rule for `.eps' on input line 4
38.
Package grfext Info: Graphics extension search list:
(grfext)             [.pdf,.png,.jpg,.mps,.jpeg,.jbig2,.jb2,.PDF,.PNG,.JPG,.JPE
G,.JBIG2,.JB2,.eps]
(grfext)             \AppendGraphicsExtensions on input line 456.

(/usr/local/texlive/2019/texmf-dist/tex/latex/latexconfig/epstopdf-sys.cfg
File: epstopdf-sys.cfg 2010/07/13 v1.3 Configuration of (r)epstopdf for TeX Liv
e
))
LaTeX Info: Redefining \microtypecontext on input line 26.
Package microtype Info: Generating PDF output.
Package microtype Info: Character protrusion enabled (level 2).
Package microtype Info: Using default protrusion set `alltext'.
Package microtype Info: Automatic font expansion enabled (level 2),
(microtype)             stretch: 20, shrink: 20, step: 1, non-selected.
Package microtype Info: Using default expansion set `basictext'.
Package microtype Info: No adjustment of tracking.
Package microtype Info: No adjustment of interword spacing.
Package microtype Info: No adjustment of character kerning.

(/usr/local/texlive/2019/texmf-dist/tex/latex/microtype/mt-ppl.cfg
File: mt-ppl.cfg 2005/11/16 v1.6 microtype config. file: Palatino (RS)
)
\c@lstlisting=\count142
\AtBeginShipoutBox=\box45
Package hyperref Info: Link coloring OFF on input line 26.

(/usr/local/texlive/2019/texmf-dist/tex/latex/hyperref/nameref.sty
Package: nameref 2016/05/21 v2.44 Cross-referencing by name of section

(/usr/local/texlive/2019/texmf-dist/tex/generic/oberdiek/gettitlestring.sty
Package: gettitlestring 2016/05/16 v1.5 Cleanup title references (HO)
)
\c@section@level=\count143
)
LaTeX Info: Redefining \ref on input line 26.
LaTeX Info: Redefining \pageref on input line 26.
LaTeX Info: Redefining \nameref on input line 26.

(./WhitePaper_EN-1.out) (./WhitePaper_EN-1.out)
\@outlinefile=\write3
\openout3 = `WhitePaper_EN-1.out'.

LaTeX Font Info:    Try loading font information for U+pxsya on input line 29.

(/usr/local/texlive/2019/texmf-dist/tex/latex/pxfonts/upxsya.fd
File: upxsya.fd 2000/12/14 v1.0
)
LaTeX Font Info:    Try loading font information for U+pxsyb on input line 29.

(/usr/local/texlive/2019/texmf-dist/tex/latex/pxfonts/upxsyb.fd
File: utxsyb.fd 2000/12/14 v1.0
)
LaTeX Font Info:    Try loading font information for U+pxmia on input line 29.

(/usr/local/texlive/2019/texmf-dist/tex/latex/pxfonts/upxmia.fd
File: upxmia.fd 2000/12/14 v1.0
)
LaTeX Font Info:    Try loading font information for U+pxsyc on input line 29.

(/usr/local/texlive/2019/texmf-dist/tex/latex/pxfonts/upxsyc.fd
File: upxsyc.fd 2000/12/14 v1.0
)

LaTeX Warning: No \author given.


Underfull \hbox (badness 10000) in paragraph at lines 31--35

 []

[1

{/usr/local/texlive/2019/texmf-var/fonts/map/pdftex/updmap/pdftex.map}]
(./WhitePaper_EN-1.toc)
\tf@toc=\write4
\openout4 = `WhitePaper_EN-1.toc'.

 [2]
Underfull \hbox (badness 10000) in paragraph at lines 40--49

 []


Underfull \hbox (badness 10000) in paragraph at lines 40--49

 []


Underfull \hbox (badness 10000) in paragraph at lines 40--49

 []


Underfull \hbox (badness 10000) in paragraph at lines 40--49

 []

LaTeX Font Info:    Try loading font information for OMS+pxr on input line 53.
(/usr/local/texlive/2019/texmf-dist/tex/latex/pxfonts/omspxr.fd
File: omspxr.fd 2000/12/14 v1.0
)
LaTeX Font Info:    Font shape `OMS/pxr/m/n' in size <10> not available
(Font)              Font shape `OMS/pxsy/m/n' tried instead on input line 53.

Underfull \hbox (badness 10000) in paragraph at lines 52--56

 []


Underfull \hbox (badness 10000) in paragraph at lines 59--63

 []


Underfull \hbox (badness 10000) in paragraph at lines 66--70

 []

[3]
Underfull \hbox (badness 10000) in paragraph at lines 79--82

 []


Underfull \hbox (badness 10000) in paragraph at lines 85--89

 []


Underfull \hbox (badness 10000) in paragraph at lines 92--96

 []


Underfull \hbox (badness 10000) in paragraph at lines 104--109

 []


Underfull \hbox (badness 10000) in paragraph at lines 104--109

 []

[4]
Underfull \hbox (badness 10000) in paragraph at lines 112--116

 []


Underfull \hbox (badness 10000) in paragraph at lines 119--123

 []


Underfull \hbox (badness 10000) in paragraph at lines 131--136

 []


Underfull \hbox (badness 10000) in paragraph at lines 131--136

 []


Underfull \hbox (badness 10000) in paragraph at lines 139--143

 []


Underfull \hbox (badness 10000) in paragraph at lines 146--150

 []


Underfull \hbox (badness 10000) in paragraph at lines 151--157

 []


Underfull \hbox (badness 10000) in paragraph at lines 151--157

 []


Underfull \hbox (badness 10000) in paragraph at lines 160--164

 []


Underfull \hbox (badness 10000) in paragraph at lines 167--171

 []


Underfull \hbox (badness 10000) in paragraph at lines 174--178

 []


Underfull \hbox (badness 10000) in paragraph at lines 181--185

 []


Underfull \hbox (badness 10000) in paragraph at lines 188--192

 []


Underfull \hbox (badness 10000) in paragraph at lines 195--199

 []


Underfull \hbox (badness 10000) in paragraph at lines 200--210

 []


Underfull \hbox (badness 10000) in paragraph at lines 200--210

 []


Underfull \hbox (badness 10000) in paragraph at lines 200--210

 []


Underfull \hbox (badness 10000) in paragraph at lines 200--210

 []


Underfull \hbox (badness 10000) in paragraph at lines 213--217

 []

[5]
Underfull \hbox (badness 10000) in paragraph at lines 220--224

 []


Underfull \hbox (badness 10000) in paragraph at lines 227--231

 []


Underfull \hbox (badness 10000) in paragraph at lines 232--236

 []


Underfull \hbox (badness 10000) in paragraph at lines 239--243

 []


Underfull \hbox (badness 10000) in paragraph at lines 246--250

 []


Underfull \hbox (badness 10000) in paragraph at lines 253--257

 []


Underfull \hbox (badness 10000) in paragraph at lines 260--264

 []


Underfull \hbox (badness 10000) in paragraph at lines 267--271

 []


Underfull \hbox (badness 10000) in paragraph at lines 274--278

 []


Underfull \hbox (badness 10000) in paragraph at lines 281--304

 []


Underfull \hbox (badness 10000) in paragraph at lines 281--304

 []


Underfull \hbox (badness 10000) in paragraph at lines 281--304

 []

[6]
Package epstopdf Info: Source file: <fig1.eps>
(epstopdf)                    date: 2019-05-13 11:27:46
(epstopdf)                    size: 3832022 bytes
(epstopdf)             Output file: <fig1-eps-converted-to.pdf>
(epstopdf)             Command: <repstopdf --outfile=fig1-eps-converted-to.pdf 
fig1.eps>
(epstopdf)             \includegraphics on input line 355.
runsystem(repstopdf --outfile=fig1-eps-converted-to.pdf fig1.eps)...executed sa
fely (allowed).

Package epstopdf Info: Result file: <fig1-eps-converted-to.pdf>
(epstopdf)                    date: 2019-05-13 11:32:41
(epstopdf)                    size: 29025 bytes.
<fig1-eps-converted-to.pdf, id=271, 1652.1725pt x 1067.99pt>
File: fig1-eps-converted-to.pdf Graphic file (type pdf)
<use fig1-eps-converted-to.pdf>
Package pdftex.def Info: fig1-eps-converted-to.pdf  used on input line 355.
(pdftex.def)             Requested size: 352.10933pt x 227.62206pt.
Package epstopdf Info: Source file: <fig2.eps>
(epstopdf)                    date: 2018-10-30 05:46:08
(epstopdf)                    size: 3222246 bytes
(epstopdf)             Output file: <fig2-eps-converted-to.pdf>
(epstopdf)                    date: 2019-01-23 21:43:46
(epstopdf)                    size: 186545 bytes
(epstopdf)             Command: <repstopdf --outfile=fig2-eps-converted-to.pdf 
fig2.eps>
(epstopdf)             \includegraphics on input line 367.
Package epstopdf Info: Output file is already uptodate.
<fig2-eps-converted-to.pdf, id=277, 1388.18625pt x 805.0075pt>
File: fig2-eps-converted-to.pdf Graphic file (type pdf)
<use fig2-eps-converted-to.pdf>
Package pdftex.def Info: fig2-eps-converted-to.pdf  used on input line 367.
(pdftex.def)             Requested size: 320.0pt x 185.56546pt.

Underfull \hbox (badness 10000) in paragraph at lines 351--375

 []


Underfull \hbox (badness 10000) in paragraph at lines 351--375

 []


Underfull \hbox (badness 10000) in paragraph at lines 351--375

 []


Underfull \hbox (badness 10000) in paragraph at lines 351--375

 []


Underfull \hbox (badness 10000) in paragraph at lines 351--375

 []

[7]
Package epstopdf Info: Source file: <fig3.eps>
(epstopdf)                    date: 2018-10-30 05:45:56
(epstopdf)                    size: 3146906 bytes
(epstopdf)             Output file: <fig3-eps-converted-to.pdf>
(epstopdf)                    date: 2019-01-23 21:43:47
(epstopdf)                    size: 154544 bytes
(epstopdf)             Command: <repstopdf --outfile=fig3-eps-converted-to.pdf 
fig3.eps>
(epstopdf)             \includegraphics on input line 379.
Package epstopdf Info: Output file is already uptodate.
<fig3-eps-converted-to.pdf, id=318, 1194.4625pt x 833.1125pt>
File: fig3-eps-converted-to.pdf Graphic file (type pdf)
<use fig3-eps-converted-to.pdf>
Package pdftex.def Info: fig3-eps-converted-to.pdf  used on input line 379.
(pdftex.def)             Requested size: 340.0pt x 237.14714pt.

Underfull \hbox (badness 10000) in paragraph at lines 377--390

 []


Underfull \hbox (badness 10000) in paragraph at lines 377--390

 []


Underfull \hbox (badness 10000) in paragraph at lines 377--390

 []


Underfull \hbox (badness 10000) in paragraph at lines 377--390

 []


Underfull \hbox (badness 10000) in paragraph at lines 377--390

 []


Underfull \hbox (badness 10000) in paragraph at lines 377--390

 []

[8 <./fig1-eps-converted-to.pdf> <./fig2-eps-converted-to.pdf>]
Underfull \hbox (badness 10000) in paragraph at lines 393--397

 []


Underfull \hbox (badness 10000) in paragraph at lines 400--404

 []


Underfull \hbox (badness 10000) in paragraph at lines 407--411

 []


Underfull \hbox (badness 10000) in paragraph at lines 414--418

 []


Underfull \hbox (badness 10000) in paragraph at lines 421--425

 []


Underfull \hbox (badness 10000) in paragraph at lines 428--432

 []


Underfull \hbox (badness 10000) in paragraph at lines 435--439

 []


Underfull \hbox (badness 10000) in paragraph at lines 442--446

 []


Underfull \hbox (badness 10000) in paragraph at lines 447--462

 []


Underfull \hbox (badness 10000) in paragraph at lines 447--462

 []


Underfull \hbox (badness 10000) in paragraph at lines 447--462

 []


Underfull \hbox (badness 10000) in paragraph at lines 447--462

 []


Underfull \hbox (badness 10000) in paragraph at lines 447--462

 []


Underfull \hbox (badness 10000) in paragraph at lines 447--462

 []

[9 <./fig3-eps-converted-to.pdf>]
Package epstopdf Info: Source file: <fig4.eps>
(epstopdf)                    date: 2018-10-30 05:45:02
(epstopdf)                    size: 5157910 bytes
(epstopdf)             Output file: <fig4-eps-converted-to.pdf>
(epstopdf)                    date: 2019-01-23 21:43:48
(epstopdf)                    size: 392846 bytes
(epstopdf)             Command: <repstopdf --outfile=fig4-eps-converted-to.pdf 
fig4.eps>
(epstopdf)             \includegraphics on input line 486.
Package epstopdf Info: Output file is already uptodate.
<fig4-eps-converted-to.pdf, id=354, 1473.505pt x 1220.56pt>
File: fig4-eps-converted-to.pdf Graphic file (type pdf)
<use fig4-eps-converted-to.pdf>
Package pdftex.def Info: fig4-eps-converted-to.pdf  used on input line 486.
(pdftex.def)             Requested size: 300.0pt x 248.48436pt.

Underfull \hbox (badness 10000) in paragraph at lines 465--491

 []


Underfull \hbox (badness 10000) in paragraph at lines 465--491

 []


Underfull \hbox (badness 10000) in paragraph at lines 465--491

 []


Underfull \hbox (badness 10000) in paragraph at lines 465--491

 []


Underfull \hbox (badness 10000) in paragraph at lines 465--491

 []


Underfull \hbox (badness 10000) in paragraph at lines 465--491

 []


Underfull \hbox (badness 10000) in paragraph at lines 465--491

 []


Underfull \hbox (badness 10000) in paragraph at lines 465--491

 []


Underfull \hbox (badness 10000) in paragraph at lines 465--491

 []


Underfull \hbox (badness 10000) in paragraph at lines 465--491

 []


Underfull \hbox (badness 10000) in paragraph at lines 465--491

 []


Underfull \hbox (badness 10000) in paragraph at lines 465--491

 []


Underfull \hbox (badness 10000) in paragraph at lines 465--491

 []

[10]
Underfull \hbox (badness 10000) in paragraph at lines 492--506

 []


Underfull \hbox (badness 10000) in paragraph at lines 492--506

 []


Underfull \hbox (badness 10000) in paragraph at lines 492--506

 []


Underfull \hbox (badness 10000) in paragraph at lines 492--506

 []


Underfull \hbox (badness 10000) in paragraph at lines 492--506

 []


Underfull \hbox (badness 10000) in paragraph at lines 492--506

 []

[11 <./fig4-eps-converted-to.pdf>]
Underfull \hbox (badness 10000) in paragraph at lines 509--513

 []


Underfull \hbox (badness 10000) in paragraph at lines 516--520

 []


Underfull \hbox (badness 10000) in paragraph at lines 523--527

 []


Underfull \hbox (badness 10000) in paragraph at lines 530--534

 []


Underfull \hbox (badness 10000) in paragraph at lines 537--541

 []


Underfull \hbox (badness 10000) in paragraph at lines 542--559

 []


Underfull \hbox (badness 10000) in paragraph at lines 542--559

 []


Underfull \hbox (badness 10000) in paragraph at lines 542--559

 []


Underfull \hbox (badness 10000) in paragraph at lines 562--566

 []

[12]
Package epstopdf Info: Source file: <fig5.eps>
(epstopdf)                    date: 2018-10-30 05:44:38
(epstopdf)                    size: 6061514 bytes
(epstopdf)             Output file: <fig5-eps-converted-to.pdf>
(epstopdf)                    date: 2019-01-23 21:43:49
(epstopdf)                    size: 453611 bytes
(epstopdf)             Command: <repstopdf --outfile=fig5-eps-converted-to.pdf 
fig5.eps>
(epstopdf)             \includegraphics on input line 578.
Package epstopdf Info: Output file is already uptodate.
<fig5-eps-converted-to.pdf, id=379, 1378.14874pt x 1582.91376pt>
File: fig5-eps-converted-to.pdf Graphic file (type pdf)
<use fig5-eps-converted-to.pdf>
Package pdftex.def Info: fig5-eps-converted-to.pdf  used on input line 578.
(pdftex.def)             Requested size: 300.0pt x 344.5708pt.

Underfull \hbox (badness 10000) in paragraph at lines 575--585

 []


Underfull \hbox (badness 10000) in paragraph at lines 575--585

 []


Underfull \hbox (badness 10000) in paragraph at lines 588--592

 []


Underfull \hbox (badness 10000) in paragraph at lines 601--606

 []


Underfull \hbox (badness 10000) in paragraph at lines 601--606

 []

[13 <./fig5-eps-converted-to.pdf>]
Underfull \hbox (badness 10000) in paragraph at lines 609--613

 []


Underfull \hbox (badness 10000) in paragraph at lines 616--620

 []


Underfull \hbox (badness 10000) in paragraph at lines 623--627

 []

<fig6.pdf, id=392, 1194.4625pt x 664.4825pt>
File: fig6.pdf Graphic file (type pdf)
<use fig6.pdf>
Package pdftex.def Info: fig6.pdf  used on input line 639.
(pdftex.def)             Requested size: 440.0pt x 244.76978pt.

Underfull \hbox (badness 10000) in paragraph at lines 636--643

 []


Underfull \hbox (badness 10000) in paragraph at lines 636--643

 []


Underfull \hbox (badness 10000) in paragraph at lines 646--650

 []


Underfull \hbox (badness 10000) in paragraph at lines 653--657

 []


Underfull \hbox (badness 10000) in paragraph at lines 660--664

 []


Underfull \hbox (badness 10000) in paragraph at lines 667--673

 []

[14 <./fig6.pdf>]
Package epstopdf Info: Source file: <fig7.eps>
(epstopdf)                    date: 2019-01-23 21:11:28
(epstopdf)                    size: 6211594 bytes
(epstopdf)             Output file: <fig7-eps-converted-to.pdf>
(epstopdf)                    date: 2019-01-23 21:45:37
(epstopdf)                    size: 198668 bytes
(epstopdf)             Command: <repstopdf --outfile=fig7-eps-converted-to.pdf 
fig7.eps>
(epstopdf)             \includegraphics on input line 683.
Package epstopdf Info: Output file is already uptodate.
<fig7-eps-converted-to.pdf, id=420, 1496.59125pt x 1746.525pt>
File: fig7-eps-converted-to.pdf Graphic file (type pdf)
<use fig7-eps-converted-to.pdf>
Package pdftex.def Info: fig7-eps-converted-to.pdf  used on input line 683.
(pdftex.def)             Requested size: 300.0pt x 350.09831pt.

Underfull \hbox (badness 10000) in paragraph at lines 680--687

 []


Underfull \hbox (badness 10000) in paragraph at lines 680--687

 []


Underfull \hbox (badness 10000) in paragraph at lines 690--694

 []


Underfull \hbox (badness 10000) in paragraph at lines 697--701

 []


Overfull \hbox (7.6163pt too wide) in paragraph at lines 704--711
\OT1/pxr/m/n/10 (-20) 3. $\OML/pxmi/m/it/10 L$ \OT1/pxr/m/n/10 (-20) cre-ates a
 Ci-pher Key $\OML/pxmi/m/it/10 PK[]$\OT1/pxr/m/n/10 (-20) , ap-plies it to Dat
a $\OML/pxmi/m/it/10 D$\OT1/pxr/m/n/10 (-20) , and gen-er-ates a ci-phered copy
 $\OML/pxmi/m/it/10 R[] \OT1/pxr/m/n/10 (-20) = \OML/pxmi/m/it/10 Cipher\OT1/px
r/m/n/10 (-20) (\OML/pxmi/m/it/10 D; PK[]\OT1/pxr/m/n/10 (-20) )$.
 []


Underfull \hbox (badness 10000) in paragraph at lines 704--711

 []


Underfull \hbox (badness 10000) in paragraph at lines 714--718

 []


Underfull \hbox (badness 10000) in paragraph at lines 721--725

 []


Underfull \hbox (badness 10000) in paragraph at lines 728--736

 []

[15 <./fig7-eps-converted-to.pdf>]
Underfull \hbox (badness 10000) in paragraph at lines 739--743

 []


Underfull \hbox (badness 10000) in paragraph at lines 746--750

 []


Underfull \hbox (badness 10000) in paragraph at lines 753--757

 []


Underfull \hbox (badness 10000) in paragraph at lines 760--764

 []


Underfull \hbox (badness 10000) in paragraph at lines 767--771

 []


Underfull \hbox (badness 10000) in paragraph at lines 774--781

 []

Package epstopdf Info: Source file: <fig8.eps>
(epstopdf)                    date: 2018-10-30 05:42:20
(epstopdf)                    size: 3544014 bytes
(epstopdf)             Output file: <fig8-eps-converted-to.pdf>
(epstopdf)                    date: 2019-01-23 21:43:51
(epstopdf)                    size: 93264 bytes
(epstopdf)             Command: <repstopdf --outfile=fig8-eps-converted-to.pdf 
fig8.eps>
(epstopdf)             \includegraphics on input line 792.
Package epstopdf Info: Output file is already uptodate.
<fig8-eps-converted-to.pdf, id=433, 1449.415pt x 1012.78375pt>
File: fig8-eps-converted-to.pdf Graphic file (type pdf)
<use fig8-eps-converted-to.pdf>
Package pdftex.def Info: fig8-eps-converted-to.pdf  used on input line 792.
(pdftex.def)             Requested size: 380.0pt x 265.51201pt.

Underfull \hbox (badness 10000) in paragraph at lines 789--796

 []


Underfull \hbox (badness 10000) in paragraph at lines 789--796

 []


Underfull \hbox (badness 10000) in paragraph at lines 799--803

 []


Underfull \hbox (badness 10000) in paragraph at lines 806--810

 []


Underfull \hbox (badness 10000) in paragraph at lines 813--817

 []


Underfull \hbox (badness 10000) in paragraph at lines 820--824

 []


Underfull \hbox (badness 10000) in paragraph at lines 827--833

 []

[16 <./fig8-eps-converted-to.pdf>]
Underfull \hbox (badness 10000) in paragraph at lines 842--846

 []


Underfull \hbox (badness 10000) in paragraph at lines 853--856

 []

Package epstopdf Info: Source file: <fig9.eps>
(epstopdf)                    date: 2018-10-30 05:42:12
(epstopdf)                    size: 3037878 bytes
(epstopdf)             Output file: <fig9-eps-converted-to.pdf>
(epstopdf)                    date: 2019-01-23 21:43:52
(epstopdf)                    size: 139348 bytes
(epstopdf)             Command: <repstopdf --outfile=fig9-eps-converted-to.pdf 
fig9.eps>
(epstopdf)             \includegraphics on input line 859.
Package epstopdf Info: Output file is already uptodate.
<fig9-eps-converted-to.pdf, id=445, 1145.27875pt x 1012.78375pt>
File: fig9-eps-converted-to.pdf Graphic file (type pdf)
<use fig9-eps-converted-to.pdf>
Package pdftex.def Info: fig9-eps-converted-to.pdf  used on input line 859.
(pdftex.def)             Requested size: 340.0pt x 300.66943pt.

Underfull \hbox (badness 10000) in paragraph at lines 857--863

 []


Underfull \hbox (badness 10000) in paragraph at lines 857--863

 []


Underfull \hbox (badness 10000) in paragraph at lines 866--870

 []


Underfull \hbox (badness 10000) in paragraph at lines 873--877

 []


Underfull \hbox (badness 10000) in paragraph at lines 880--884

 []


Underfull \hbox (badness 10000) in paragraph at lines 887--891

 []


Underfull \hbox (badness 10000) in paragraph at lines 894--898

 []

Package epstopdf Info: Source file: <fig10.eps>
(epstopdf)                    date: 2018-10-30 05:46:22
(epstopdf)                    size: 4178218 bytes
(epstopdf)             Output file: <fig10-eps-converted-to.pdf>
(epstopdf)                    date: 2019-01-23 21:43:53
(epstopdf)                    size: 118685 bytes
(epstopdf)             Command: <repstopdf --outfile=fig10-eps-converted-to.pdf
 fig10.eps>
(epstopdf)             \includegraphics on input line 901.
Package epstopdf Info: Output file is already uptodate.
<fig10-eps-converted-to.pdf, id=446, 1527.7075pt x 1120.185pt>
File: fig10-eps-converted-to.pdf Graphic file (type pdf)
<use fig10-eps-converted-to.pdf>
Package pdftex.def Info: fig10-eps-converted-to.pdf  used on input line 901.
(pdftex.def)             Requested size: 315.0pt x 230.97263pt.

Underfull \hbox (badness 10000) in paragraph at lines 899--905

 []

[17 <./fig9-eps-converted-to.pdf>]
Underfull \hbox (badness 10000) in paragraph at lines 908--912

 []


Underfull \hbox (badness 10000) in paragraph at lines 915--919

 []


Underfull \hbox (badness 10000) in paragraph at lines 922--926

 []


Underfull \hbox (badness 10000) in paragraph at lines 929--933

 []


Underfull \hbox (badness 10000) in paragraph at lines 936--940

 []


Underfull \hbox (badness 10000) in paragraph at lines 943--947

 []


Underfull \hbox (badness 10000) in paragraph at lines 955--959

 []


Underfull \hbox (badness 10000) in paragraph at lines 961--964

 []

[18 <./fig10-eps-converted-to.pdf>]
Underfull \hbox (badness 10000) in paragraph at lines 967--971

 []


Underfull \hbox (badness 10000) in paragraph at lines 974--978

 []


Underfull \hbox (badness 10000) in paragraph at lines 979--986

 []


Underfull \hbox (badness 10000) in paragraph at lines 979--986

 []


Underfull \hbox (badness 10000) in paragraph at lines 989--993

 []


Underfull \hbox (badness 10000) in paragraph at lines 994--999

 []


Underfull \hbox (badness 10000) in paragraph at lines 1002--1021

 []


Underfull \hbox (badness 10000) in paragraph at lines 1022--1028

 []


Underfull \hbox (badness 10000) in paragraph at lines 1022--1028

 []


Underfull \hbox (badness 10000) in paragraph at lines 1031--1037

 []


Underfull \hbox (badness 10000) in paragraph at lines 1031--1037

 []


Underfull \hbox (badness 10000) in paragraph at lines 1040--1045

 []

[19]
Underfull \hbox (badness 10000) in paragraph at lines 1049--1052

 []


Underfull \hbox (badness 10000) in paragraph at lines 1055--1059

 []


Underfull \hbox (badness 10000) in paragraph at lines 1062--1066

 []


Underfull \hbox (badness 10000) in paragraph at lines 1074--1077

 []


Underfull \hbox (badness 10000) in paragraph at lines 1081--1085

 []


Underfull \hbox (badness 10000) in paragraph at lines 1089--1093

 []


Underfull \hbox (badness 10000) in paragraph at lines 1097--1101

 []


Underfull \hbox (badness 10000) in paragraph at lines 1104--1108

 []


Underfull \hbox (badness 10000) in paragraph at lines 1111--1115

 []


Underfull \hbox (badness 10000) in paragraph at lines 1118--1122

 []

Package epstopdf Info: Source file: <fig11.eps>
(epstopdf)                    date: 2018-10-30 05:45:50
(epstopdf)                    size: 5754318 bytes
(epstopdf)             Output file: <fig11-eps-converted-to.pdf>
(epstopdf)                    date: 2019-01-23 21:43:53
(epstopdf)                    size: 219743 bytes
(epstopdf)             Command: <repstopdf --outfile=fig11-eps-converted-to.pdf
 fig11.eps>
(epstopdf)             \includegraphics on input line 1129.
Package epstopdf Info: Output file is already uptodate.
<fig11-eps-converted-to.pdf, id=481, 1674.255pt x 1370.11874pt>
File: fig11-eps-converted-to.pdf Graphic file (type pdf)
<use fig11-eps-converted-to.pdf>
Package pdftex.def Info: fig11-eps-converted-to.pdf  used on input line 1129.
(pdftex.def)             Requested size: 315.0pt x 257.77469pt.

Underfull \hbox (badness 10000) in paragraph at lines 1125--1134

 []


Overfull \hbox (15.0pt too wide) in paragraph at lines 1125--1134
[]
 []


Underfull \hbox (badness 10000) in paragraph at lines 1125--1134

 []


Overfull \hbox (15.0pt too wide) in paragraph at lines 1125--1134
[]
 []

[20 <./fig11-eps-converted-to.pdf>]
Underfull \hbox (badness 10000) in paragraph at lines 1135--1138

 []


Underfull \hbox (badness 10000) in paragraph at lines 1141--1145

 []

Package epstopdf Info: Source file: <fig12.eps>
(epstopdf)                    date: 2018-10-30 05:45:24
(epstopdf)                    size: 4122758 bytes
(epstopdf)             Output file: <fig12-eps-converted-to.pdf>
(epstopdf)                    date: 2019-01-23 21:43:54
(epstopdf)                    size: 109428 bytes
(epstopdf)             Command: <repstopdf --outfile=fig12-eps-converted-to.pdf
 fig12.eps>
(epstopdf)             \includegraphics on input line 1158.
Package epstopdf Info: Output file is already uptodate.
<fig12-eps-converted-to.pdf, id=495, 1585.925pt x 1055.945pt>
File: fig12-eps-converted-to.pdf Graphic file (type pdf)
<use fig12-eps-converted-to.pdf>
Package pdftex.def Info: fig12-eps-converted-to.pdf  used on input line 1158.
(pdftex.def)             Requested size: 340.0pt x 226.37926pt.

Underfull \hbox (badness 10000) in paragraph at lines 1155--1162

 []


Underfull \hbox (badness 10000) in paragraph at lines 1155--1162

 []


Underfull \hbox (badness 10000) in paragraph at lines 1155--1162

 []


Underfull \hbox (badness 10000) in paragraph at lines 1164--1168

 []


Underfull \hbox (badness 10000) in paragraph at lines 1171--1175

 []


Underfull \hbox (badness 10000) in paragraph at lines 1178--1182

 []


Underfull \hbox (badness 10000) in paragraph at lines 1184--1188

 []

[21 <./fig12-eps-converted-to.pdf>]
Underfull \hbox (badness 10000) in paragraph at lines 1191--1195

 []


Underfull \hbox (badness 10000) in paragraph at lines 1197--1201

 []


Underfull \hbox (badness 10000) in paragraph at lines 1204--1208

 []


Underfull \hbox (badness 10000) in paragraph at lines 1209--1213

 []


Underfull \hbox (badness 10000) in paragraph at lines 1215--1219

 []


Underfull \hbox (badness 10000) in paragraph at lines 1221--1228

 []


Underfull \hbox (badness 10000) in paragraph at lines 1231--1235

 []


Underfull \hbox (badness 10000) in paragraph at lines 1238--1242

 []


Underfull \hbox (badness 10000) in paragraph at lines 1245--1249

 []


Underfull \hbox (badness 10000) in paragraph at lines 1252--1256

 []


Underfull \hbox (badness 10000) in paragraph at lines 1258--1276

 []


Underfull \hbox (badness 10000) in paragraph at lines 1258--1276

 []


Underfull \hbox (badness 10000) in paragraph at lines 1258--1276

 []


Underfull \hbox (badness 10000) in paragraph at lines 1279--1282

 []


Underfull \hbox (badness 10000) in paragraph at lines 1285--1290

 []


Underfull \hbox (badness 10000) in paragraph at lines 1293--1297

 []


Underfull \hbox (badness 10000) in paragraph at lines 1300--1304

 []

Package epstopdf Info: Source file: <fig13.eps>
(epstopdf)                    date: 2018-10-30 05:45:38
(epstopdf)                    size: 3646178 bytes
(epstopdf)             Output file: <fig13-eps-converted-to.pdf>
(epstopdf)                    date: 2019-01-23 21:43:55
(epstopdf)                    size: 240992 bytes
(epstopdf)             Command: <repstopdf --outfile=fig13-eps-converted-to.pdf
 fig13.eps>
(epstopdf)             \includegraphics on input line 1316.
Package epstopdf Info: Output file is already uptodate.
<fig13-eps-converted-to.pdf, id=512, 1461.46pt x 922.44624pt>
File: fig13-eps-converted-to.pdf Graphic file (type pdf)
<use fig13-eps-converted-to.pdf>
Package pdftex.def Info: fig13-eps-converted-to.pdf  used on input line 1316.
(pdftex.def)             Requested size: 320.0pt x 201.96759pt.

Underfull \hbox (badness 10000) in paragraph at lines 1313--1326

 []


Underfull \hbox (badness 10000) in paragraph at lines 1313--1326

 []


Underfull \hbox (badness 10000) in paragraph at lines 1313--1326

 []

[22]
Underfull \hbox (badness 10000) in paragraph at lines 1329--1333

 []


Underfull \hbox (badness 10000) in paragraph at lines 1336--1340

 []


Underfull \hbox (badness 10000) in paragraph at lines 1343--1347

 []


Underfull \hbox (badness 10000) in paragraph at lines 1350--1354

 []


Underfull \hbox (badness 10000) in paragraph at lines 1357--1361

 []


Underfull \hbox (badness 10000) in paragraph at lines 1364--1368

 []


Underfull \hbox (badness 10000) in paragraph at lines 1370--1374

 []


Underfull \hbox (badness 10000) in paragraph at lines 1377--1381

 []


Underfull \hbox (badness 10000) in paragraph at lines 1384--1388

 []


Underfull \hbox (badness 10000) in paragraph at lines 1391--1395

 []


Underfull \hbox (badness 10000) in paragraph at lines 1398--1402

 []


Underfull \hbox (badness 10000) in paragraph at lines 1405--1409

 []


Underfull \hbox (badness 10000) in paragraph at lines 1412--1416

 []


Underfull \hbox (badness 10000) in paragraph at lines 1419--1423

 []


Underfull \hbox (badness 10000) in paragraph at lines 1426--1430

 []


Underfull \hbox (badness 10000) in paragraph at lines 1431--1435

 []


Underfull \hbox (badness 10000) in paragraph at lines 1438--1442

 []


Underfull \hbox (badness 10000) in paragraph at lines 1445--1449

 []

[23 <./fig13-eps-converted-to.pdf>]
Underfull \hbox (badness 10000) in paragraph at lines 1457--1462

 []


Underfull \hbox (badness 10000) in paragraph at lines 1457--1462

 []


Underfull \hbox (badness 10000) in paragraph at lines 1464--1468

 []


Underfull \hbox (badness 10000) in paragraph at lines 1471--1475

 []


Underfull \hbox (badness 10000) in paragraph at lines 1478--1482

 []


Underfull \hbox (badness 10000) in paragraph at lines 1485--1489

 []


Underfull \hbox (badness 10000) in paragraph at lines 1491--1495

 []


Underfull \hbox (badness 10000) in paragraph at lines 1498--1502

 []


Underfull \hbox (badness 10000) in paragraph at lines 1505--1509

 []


Underfull \hbox (badness 10000) in paragraph at lines 1512--1516

 []


Underfull \hbox (badness 10000) in paragraph at lines 1518--1522

 []


Underfull \hbox (badness 10000) in paragraph at lines 1525--1529

 []


Underfull \hbox (badness 10000) in paragraph at lines 1532--1536

 []


Underfull \hbox (badness 10000) in paragraph at lines 1539--1543

 []


Underfull \hbox (badness 10000) in paragraph at lines 1556--1562

 []


Underfull \hbox (badness 10000) in paragraph at lines 1556--1562

 []


Underfull \hbox (badness 10000) in paragraph at lines 1564--1570

 []


Underfull \hbox (badness 10000) in paragraph at lines 1564--1570

 []


Underfull \hbox (badness 10000) in paragraph at lines 1572--1578

 []


Underfull \hbox (badness 10000) in paragraph at lines 1572--1578

 []


Underfull \hbox (badness 10000) in paragraph at lines 1580--1587

 []


Underfull \hbox (badness 10000) in paragraph at lines 1580--1587

 []

[24]
Underfull \hbox (badness 10000) in paragraph at lines 1590--1594

 []


Underfull \hbox (badness 10000) in paragraph at lines 1597--1601

 []


Underfull \hbox (badness 10000) in paragraph at lines 1604--1608

 []


Underfull \hbox (badness 10000) in paragraph at lines 1611--1615

 []


Underfull \hbox (badness 10000) in paragraph at lines 1618--1622

 []


Underfull \hbox (badness 10000) in paragraph at lines 1625--1629

 []


Underfull \hbox (badness 10000) in paragraph at lines 1632--1636

 []


Underfull \hbox (badness 10000) in paragraph at lines 1639--1643

 []


Underfull \hbox (badness 10000) in paragraph at lines 1646--1650

 []

Package epstopdf Info: Source file: <fig14.eps>
(epstopdf)                    date: 2018-10-30 05:43:56
(epstopdf)                    size: 5778906 bytes
(epstopdf)             Output file: <fig14-eps-converted-to.pdf>
(epstopdf)                    date: 2019-01-23 21:43:56
(epstopdf)                    size: 358828 bytes
(epstopdf)             Command: <repstopdf --outfile=fig14-eps-converted-to.pdf
 fig14.eps>
(epstopdf)             \includegraphics on input line 1652.
Package epstopdf Info: Output file is already uptodate.
<fig14-eps-converted-to.pdf, id=537, 1699.34875pt x 1253.68375pt>
File: fig14-eps-converted-to.pdf Graphic file (type pdf)
<use fig14-eps-converted-to.pdf>
Package pdftex.def Info: fig14-eps-converted-to.pdf  used on input line 1652.
(pdftex.def)             Requested size: 360.0pt x 265.57692pt.

Underfull \hbox (badness 10000) in paragraph at lines 1651--1656

 []


Underfull \hbox (badness 10000) in paragraph at lines 1651--1656

 []


Underfull \hbox (badness 10000) in paragraph at lines 1657--1661

 []


Underfull \hbox (badness 10000) in paragraph at lines 1664--1668

 []


Underfull \hbox (badness 10000) in paragraph at lines 1671--1675

 []


Underfull \hbox (badness 10000) in paragraph at lines 1678--1682

 []


Underfull \hbox (badness 10000) in paragraph at lines 1685--1689

 []


Underfull \hbox (badness 10000) in paragraph at lines 1692--1696

 []


Underfull \hbox (badness 10000) in paragraph at lines 1699--1703

 []


Underfull \hbox (badness 10000) in paragraph at lines 1706--1710

 []


Underfull \hbox (badness 10000) in paragraph at lines 1713--1717

 []


Underfull \hbox (badness 10000) in paragraph at lines 1720--1724

 []


Underfull \hbox (badness 10000) in paragraph at lines 1727--1731

 []


Underfull \hbox (badness 10000) in paragraph at lines 1734--1738

 []


Underfull \hbox (badness 10000) in paragraph at lines 1741--1745

 []

[25 <./fig14-eps-converted-to.pdf>]
Underfull \hbox (badness 10000) in paragraph at lines 1748--1752

 []


Underfull \hbox (badness 10000) in paragraph at lines 1755--1759

 []


Underfull \hbox (badness 10000) in paragraph at lines 1762--1766

 []


Underfull \hbox (badness 10000) in paragraph at lines 1769--1773

 []


Underfull \hbox (badness 10000) in paragraph at lines 1776--1780

 []


Underfull \hbox (badness 10000) in paragraph at lines 1783--1787

 []


Underfull \hbox (badness 10000) in paragraph at lines 1790--1794

 []


Underfull \hbox (badness 10000) in paragraph at lines 1797--1801

 []


Underfull \hbox (badness 10000) in paragraph at lines 1804--1808

 []


Underfull \hbox (badness 10000) in paragraph at lines 1811--1815

 []


Underfull \hbox (badness 10000) in paragraph at lines 1818--1822

 []


Underfull \hbox (badness 10000) in paragraph at lines 1825--1830

 []


Underfull \hbox (badness 10000) in paragraph at lines 1833--1837

 []


Underfull \hbox (badness 10000) in paragraph at lines 1840--1844

 []


Underfull \hbox (badness 10000) in paragraph at lines 1847--1851

 []


Underfull \hbox (badness 10000) in paragraph at lines 1854--1858

 []


Underfull \hbox (badness 10000) in paragraph at lines 1861--1865

 []


Underfull \hbox (badness 10000) in paragraph at lines 1873--1878

 []


Underfull \hbox (badness 10000) in paragraph at lines 1873--1878

 []


Underfull \hbox (badness 10000) in paragraph at lines 1881--1885

 []


Underfull \hbox (badness 10000) in paragraph at lines 1888--1892

 []


Underfull \hbox (badness 10000) in paragraph at lines 1893--1899

 []


Underfull \hbox (badness 10000) in paragraph at lines 1893--1899

 []


Underfull \hbox (badness 10000) in paragraph at lines 1902--1906

 []


Underfull \hbox (badness 10000) in paragraph at lines 1909--1913

 []


Underfull \hbox (badness 10000) in paragraph at lines 1916--1920

 []


Underfull \hbox (badness 10000) in paragraph at lines 1921--1925

 []


Underfull \hbox (badness 10000) in paragraph at lines 1928--1932

 []

[26]
Underfull \hbox (badness 10000) in paragraph at lines 1933--1937

 []


Underfull \hbox (badness 10000) in paragraph at lines 1940--1944

 []


Underfull \hbox (badness 10000) in paragraph at lines 1945--1949

 []


Underfull \hbox (badness 10000) in paragraph at lines 1952--1956

 []

Package epstopdf Info: Source file: <fig15.eps>
(epstopdf)                    date: 2018-10-30 05:44:22
(epstopdf)                    size: 3525266 bytes
(epstopdf)             Output file: <fig15-eps-converted-to.pdf>
(epstopdf)                    date: 2019-01-23 21:43:57
(epstopdf)                    size: 166980 bytes
(epstopdf)             Command: <repstopdf --outfile=fig15-eps-converted-to.pdf
 fig15.eps>
(epstopdf)             \includegraphics on input line 1965.
Package epstopdf Info: Output file is already uptodate.
<fig15-eps-converted-to.pdf, id=555, 1380.15625pt x 994.71625pt>
File: fig15-eps-converted-to.pdf Graphic file (type pdf)
<use fig15-eps-converted-to.pdf>
Package pdftex.def Info: fig15-eps-converted-to.pdf  used on input line 1965.
(pdftex.def)             Requested size: 360.0pt x 259.45493pt.

Underfull \hbox (badness 10000) in paragraph at lines 1964--1969

 []


Underfull \hbox (badness 10000) in paragraph at lines 1964--1969

 []

[27 <./fig15-eps-converted-to.pdf>]
Package epstopdf Info: Source file: <fig16.eps>
(epstopdf)                    date: 2018-10-30 05:45:16
(epstopdf)                    size: 3948818 bytes
(epstopdf)             Output file: <fig16-eps-converted-to.pdf>
(epstopdf)                    date: 2019-01-23 21:43:58
(epstopdf)                    size: 183960 bytes
(epstopdf)             Command: <repstopdf --outfile=fig16-eps-converted-to.pdf
 fig16.eps>
(epstopdf)             \includegraphics on input line 1978.
Package epstopdf Info: Output file is already uptodate.
<fig16-eps-converted-to.pdf, id=567, 1350.04375pt x 1142.2675pt>
File: fig16-eps-converted-to.pdf Graphic file (type pdf)
<use fig16-eps-converted-to.pdf>
Package pdftex.def Info: fig16-eps-converted-to.pdf  used on input line 1978.
(pdftex.def)             Requested size: 340.0pt x 287.65773pt.

Underfull \hbox (badness 10000) in paragraph at lines 1975--1982

 []


Underfull \hbox (badness 10000) in paragraph at lines 1975--1982

 []


Underfull \hbox (badness 10000) in paragraph at lines 1984--1990

 []

Package epstopdf Info: Source file: <fig17.eps>
(epstopdf)                    date: 2018-10-30 05:44:28
(epstopdf)                    size: 3550906 bytes
(epstopdf)             Output file: <fig17-eps-converted-to.pdf>
(epstopdf)                    date: 2019-01-23 21:43:58
(epstopdf)                    size: 162500 bytes
(epstopdf)             Command: <repstopdf --outfile=fig17-eps-converted-to.pdf
 fig17.eps>
(epstopdf)             \includegraphics on input line 1993.
Package epstopdf Info: Output file is already uptodate.
<fig17-eps-converted-to.pdf, id=568, 1392.20125pt x 997.7275pt>
File: fig17-eps-converted-to.pdf Graphic file (type pdf)
<use fig17-eps-converted-to.pdf>
Package pdftex.def Info: fig17-eps-converted-to.pdf  used on input line 1993.
(pdftex.def)             Requested size: 330.0pt x 236.49078pt.

Underfull \hbox (badness 10000) in paragraph at lines 1991--2000

 []


Underfull \hbox (badness 10000) in paragraph at lines 1991--2000

 []

[28 <./fig16-eps-converted-to.pdf>]
Underfull \hbox (badness 10000) in paragraph at lines 2003--2007

 []

Package epstopdf Info: Source file: <fig18.eps>
(epstopdf)                    date: 2018-10-30 05:42:28
(epstopdf)                    size: 3227182 bytes
(epstopdf)             Output file: <fig18-eps-converted-to.pdf>
(epstopdf)                    date: 2019-01-23 21:43:59
(epstopdf)                    size: 153365 bytes
(epstopdf)             Command: <repstopdf --outfile=fig18-eps-converted-to.pdf
 fig18.eps>
(epstopdf)             \includegraphics on input line 2019.
Package epstopdf Info: Output file is already uptodate.
<fig18-eps-converted-to.pdf, id=580, 1341.01pt x 919.435pt>
File: fig18-eps-converted-to.pdf Graphic file (type pdf)
<use fig18-eps-converted-to.pdf>
Package pdftex.def Info: fig18-eps-converted-to.pdf  used on input line 2019.
(pdftex.def)             Requested size: 300.0pt x 205.68547pt.

Underfull \hbox (badness 10000) in paragraph at lines 2016--2026

 []


Underfull \hbox (badness 10000) in paragraph at lines 2016--2026

 []


Underfull \hbox (badness 10000) in paragraph at lines 2016--2026

 []

[29 <./fig17-eps-converted-to.pdf> <./fig18-eps-converted-to.pdf>]
Underfull \hbox (badness 10000) in paragraph at lines 2029--2033

 []

Package epstopdf Info: Source file: <fig19.eps>
(epstopdf)                    date: 2018-10-30 05:42:32
(epstopdf)                    size: 2907482 bytes
(epstopdf)             Output file: <fig19-eps-converted-to.pdf>
(epstopdf)                    date: 2019-01-23 21:43:59
(epstopdf)                    size: 109004 bytes
(epstopdf)             Command: <repstopdf --outfile=fig19-eps-converted-to.pdf
 fig19.eps>
(epstopdf)             \includegraphics on input line 2042.
Package epstopdf Info: Output file is already uptodate.
<fig19-eps-converted-to.pdf, id=599, 1517.67pt x 758.835pt>
File: fig19-eps-converted-to.pdf Graphic file (type pdf)
<use fig19-eps-converted-to.pdf>
Package pdftex.def Info: fig19-eps-converted-to.pdf  used on input line 2042.
(pdftex.def)             Requested size: 340.0pt x 170.00104pt.

Underfull \hbox (badness 10000) in paragraph at lines 2040--2048

 []


Underfull \hbox (badness 10000) in paragraph at lines 2040--2048

 []


Underfull \hbox (badness 10000) in paragraph at lines 2051--2055

 []


Underfull \hbox (badness 10000) in paragraph at lines 2064--2068

 []

[30 <./fig19-eps-converted-to.pdf>]
Underfull \hbox (badness 10000) in paragraph at lines 2070--2073

 []


Underfull \hbox (badness 10000) in paragraph at lines 2076--2082

 []


Underfull \hbox (badness 10000) in paragraph at lines 2076--2082

 []


Underfull \hbox (badness 10000) in paragraph at lines 2085--2091

 []


Underfull \hbox (badness 10000) in paragraph at lines 2085--2091

 []


Underfull \hbox (badness 10000) in paragraph at lines 2094--2100

 []


Underfull \hbox (badness 10000) in paragraph at lines 2094--2100

 []


Underfull \hbox (badness 10000) in paragraph at lines 2103--2109

 []


Underfull \hbox (badness 10000) in paragraph at lines 2103--2109

 []


Underfull \hbox (badness 10000) in paragraph at lines 2112--2118

 []


Underfull \hbox (badness 10000) in paragraph at lines 2112--2118

 []


Underfull \hbox (badness 10000) in paragraph at lines 2121--2126

 []


Underfull \hbox (badness 10000) in paragraph at lines 2121--2126

 []


Underfull \hbox (badness 10000) in paragraph at lines 2131--2136

 []


Underfull \hbox (badness 10000) in paragraph at lines 2131--2136

 []


Underfull \hbox (badness 10000) in paragraph at lines 2139--2143

 []


Underfull \hbox (badness 10000) in paragraph at lines 2146--2150

 []

[31]
Underfull \hbox (badness 10000) in paragraph at lines 2155--2162

 []


Underfull \hbox (badness 10000) in paragraph at lines 2179--2184

 []


Underfull \hbox (badness 10000) in paragraph at lines 2179--2184

 []


Underfull \hbox (badness 10000) in paragraph at lines 2201--2208

 []


Underfull \hbox (badness 10000) in paragraph at lines 2211--2216

 []


Underfull \hbox (badness 10000) in paragraph at lines 2219--2224

 []


Underfull \hbox (badness 10000) in paragraph at lines 2225--2229

 []


Underfull \hbox (badness 10000) in paragraph at lines 2232--2237

 []


Underfull \hbox (badness 10000) in paragraph at lines 2240--2245

 []


Underfull \hbox (badness 10000) in paragraph at lines 2255--2262

 []


Underfull \hbox (badness 10000) in paragraph at lines 2255--2262

 []


Underfull \hbox (badness 10000) in paragraph at lines 2255--2262

 []

[32]
Underfull \hbox (badness 10000) in paragraph at lines 2265--2269

 []


Underfull \hbox (badness 10000) in paragraph at lines 2272--2276

 []


Underfull \hbox (badness 10000) in paragraph at lines 2279--2283

 []

Package epstopdf Info: Source file: <fig21.eps>
(epstopdf)                    date: 2018-10-30 05:41:18
(epstopdf)                    size: 3321782 bytes
(epstopdf)             Output file: <fig21-eps-converted-to.pdf>
(epstopdf)                    date: 2018-10-30 05:41:50
(epstopdf)                    size: 222139 bytes
(epstopdf)             Command: <repstopdf --outfile=fig21-eps-converted-to.pdf
 fig21.eps>
(epstopdf)             \includegraphics on input line 2308.
Package epstopdf Info: Output file is already uptodate.
<fig21-eps-converted-to.pdf, id=619, 1711.39375pt x 708.6475pt>
File: fig21-eps-converted-to.pdf Graphic file (type pdf)
<use fig21-eps-converted-to.pdf>
Package pdftex.def Info: fig21-eps-converted-to.pdf  used on input line 2308.
(pdftex.def)             Requested size: 340.0pt x 140.78625pt.

Underfull \hbox (badness 10000) in paragraph at lines 2284--2312

 []


Underfull \hbox (badness 10000) in paragraph at lines 2284--2312

 []


Underfull \hbox (badness 10000) in paragraph at lines 2284--2312

 []


Underfull \hbox (badness 10000) in paragraph at lines 2284--2312

 []


Underfull \hbox (badness 10000) in paragraph at lines 2284--2312

 []


Underfull \hbox (badness 10000) in paragraph at lines 2284--2312

 []


Underfull \hbox (badness 10000) in paragraph at lines 2284--2312

 []


Underfull \hbox (badness 10000) in paragraph at lines 2313--2317

 []


Underfull \hbox (badness 10000) in paragraph at lines 2320--2324

 []


Underfull \hbox (badness 10000) in paragraph at lines 2327--2331

 []


Underfull \hbox (badness 10000) in paragraph at lines 2334--2338

 []


Underfull \hbox (badness 10000) in paragraph at lines 2341--2345

 []

Package epstopdf Info: Source file: <fig22.eps>
(epstopdf)                    date: 2018-10-30 05:41:42
(epstopdf)                    size: 3026002 bytes
(epstopdf)             Output file: <fig22-eps-converted-to.pdf>
(epstopdf)                    date: 2019-01-23 21:44:00
(epstopdf)                    size: 245046 bytes
(epstopdf)             Command: <repstopdf --outfile=fig22-eps-converted-to.pdf
 fig22.eps>
(epstopdf)             \includegraphics on input line 2351.
Package epstopdf Info: Output file is already uptodate.
<fig22-eps-converted-to.pdf, id=620, 1557.82pt x 666.49pt>
File: fig22-eps-converted-to.pdf Graphic file (type pdf)
<use fig22-eps-converted-to.pdf>
Package pdftex.def Info: fig22-eps-converted-to.pdf  used on input line 2351.
(pdftex.def)             Requested size: 340.0pt x 145.45872pt.

Underfull \hbox (badness 10000) in paragraph at lines 2346--2355

 []


Underfull \hbox (badness 10000) in paragraph at lines 2346--2355

 []


Underfull \hbox (badness 10000) in paragraph at lines 2346--2355

 []

[33 <./fig21-eps-converted-to.pdf>]
Underfull \hbox (badness 10000) in paragraph at lines 2361--2379

 []


Underfull \hbox (badness 10000) in paragraph at lines 2361--2379

 []


Underfull \hbox (badness 10000) in paragraph at lines 2361--2379

 []


Underfull \hbox (badness 10000) in paragraph at lines 2361--2379

 []


Underfull \hbox (badness 10000) in paragraph at lines 2361--2379

 []


Underfull \hbox (badness 10000) in paragraph at lines 2361--2379

 []


Underfull \hbox (badness 10000) in paragraph at lines 2361--2379

 []


Underfull \hbox (badness 10000) in paragraph at lines 2361--2379

 []

[34 <./fig22-eps-converted-to.pdf>]
Package epstopdf Info: Source file: <fig23.eps>
(epstopdf)                    date: 2018-10-30 05:42:06
(epstopdf)                    size: 2631210 bytes
(epstopdf)             Output file: <fig23-eps-converted-to.pdf>
(epstopdf)                    date: 2019-01-23 21:44:01
(epstopdf)                    size: 101269 bytes
(epstopdf)             Command: <repstopdf --outfile=fig23-eps-converted-to.pdf
 fig23.eps>
(epstopdf)             \includegraphics on input line 2385.
Package epstopdf Info: Output file is already uptodate.
<fig23-eps-converted-to.pdf, id=642, 1618.045pt x 614.295pt>
File: fig23-eps-converted-to.pdf Graphic file (type pdf)
<use fig23-eps-converted-to.pdf>
Package pdftex.def Info: fig23-eps-converted-to.pdf  used on input line 2385.
(pdftex.def)             Requested size: 360.0pt x 136.67317pt.

Underfull \hbox (badness 10000) in paragraph at lines 2380--2392

 []


Underfull \hbox (badness 10000) in paragraph at lines 2380--2392

 []


Underfull \hbox (badness 10000) in paragraph at lines 2380--2392

 []


Underfull \hbox (badness 10000) in paragraph at lines 2380--2392

 []


Underfull \hbox (badness 10000) in paragraph at lines 2395--2399

 []


Underfull \hbox (badness 10000) in paragraph at lines 2402--2406

 []


Underfull \hbox (badness 10000) in paragraph at lines 2409--2413

 []


Underfull \hbox (badness 10000) in paragraph at lines 2416--2420

 []


Underfull \hbox (badness 10000) in paragraph at lines 2423--2427

 []


Underfull \hbox (badness 10000) in paragraph at lines 2430--2434

 []


Underfull \hbox (badness 10000) in paragraph at lines 2445--2451

 []


Underfull \hbox (badness 10000) in paragraph at lines 2445--2451

 []

[35 <./fig23-eps-converted-to.pdf>]
Underfull \hbox (badness 10000) in paragraph at lines 2454--2460

 []


Underfull \hbox (badness 10000) in paragraph at lines 2454--2460

 []


Underfull \hbox (badness 10000) in paragraph at lines 2463--2467

 []

[36]
Underfull \hbox (badness 10000) in paragraph at lines 2474--2477

 []


Underfull \hbox (badness 10000) in paragraph at lines 2481--2484

 []


Underfull \hbox (badness 10000) in paragraph at lines 2488--2491

 []


Underfull \hbox (badness 10000) in paragraph at lines 2495--2498

 []


Underfull \hbox (badness 10000) in paragraph at lines 2502--2505

 []


Underfull \hbox (badness 10000) in paragraph at lines 2509--2512

 []


Underfull \hbox (badness 10000) in paragraph at lines 2516--2519

 []


Underfull \hbox (badness 10000) in paragraph at lines 2523--2526

 []


Underfull \hbox (badness 10000) in paragraph at lines 2530--2533

 []


Underfull \hbox (badness 10000) in paragraph at lines 2537--2540

 []


Underfull \hbox (badness 10000) in paragraph at lines 2544--2547

 []


Underfull \hbox (badness 10000) in paragraph at lines 2551--2554

 []


Underfull \hbox (badness 10000) in paragraph at lines 2558--2561

 []


Underfull \hbox (badness 10000) in paragraph at lines 2565--2568

 []


Underfull \hbox (badness 10000) in paragraph at lines 2572--2575

 []


Underfull \hbox (badness 10000) in paragraph at lines 2579--2582

 []


Underfull \hbox (badness 10000) in paragraph at lines 2586--2589

 []


Underfull \hbox (badness 10000) in paragraph at lines 2593--2596

 []


Underfull \hbox (badness 10000) in paragraph at lines 2600--2603

 []


Underfull \hbox (badness 10000) in paragraph at lines 2607--2610

 []


Underfull \hbox (badness 10000) in paragraph at lines 2614--2617

 []


Underfull \hbox (badness 10000) in paragraph at lines 2621--2624

 []


Underfull \hbox (badness 10000) in paragraph at lines 2628--2631

 []

[37]
Underfull \hbox (badness 10000) in paragraph at lines 2635--2638

 []


Underfull \hbox (badness 10000) in paragraph at lines 2642--2645

 []

Package atveryend Info: Empty hook `BeforeClearDocument' on input line 2654.
[38]
Package atveryend Info: Empty hook `AfterLastShipout' on input line 2654.
 (./WhitePaper_EN-1.aux)
Package atveryend Info: Executing hook `AtVeryEndDocument' on input line 2654.
Package atveryend Info: Executing hook `AtEndAfterFileList' on input line 2654.

Package rerunfilecheck Info: File `WhitePaper_EN-1.out' has not changed.
(rerunfilecheck)             Checksum: FF49AF8B8B7895AFDB6DDE0C661D935C;2910.
Package atveryend Info: Empty hook `AtVeryVeryEnd' on input line 2654.
 ) 
Here is how much of TeX's memory you used:
 11802 strings out of 492616
 175643 string characters out of 6129481
 313228 words of memory out of 5000000
 15177 multiletter control sequences out of 15000+600000
 44263 words of font info for 247 fonts, out of 8000000 for 9000
 1141 hyphenation exceptions out of 8191
 31i,14n,38p,1593b,526s stack positions out of 5000i,500n,10000p,200000b,80000s
{/usr/local/texlive/2019/texmf-dist/fonts/enc/dvips/base/8r.enc}</usr/local/t
exlive/2019/texmf-dist/fonts/type1/public/pxfonts/pxex.pfb></usr/local/texlive/
2019/texmf-dist/fonts/type1/public/pxfonts/pxsy.pfb></usr/local/texlive/2019/te
xmf-dist/fonts/type1/public/pxfonts/pxsya.pfb></usr/local/texlive/2019/texmf-di
st/fonts/type1/public/pxfonts/pxsyb.pfb></usr/local/texlive/2019/texmf-dist/fon
ts/type1/public/pxfonts/rpxb.pfb></usr/local/texlive/2019/texmf-dist/fonts/type
1/public/pxfonts/rpxi.pfb></usr/local/texlive/2019/texmf-dist/fonts/type1/publi
c/pxfonts/rpxmi.pfb></usr/local/texlive/2019/texmf-dist/fonts/type1/public/pxfo
nts/rpxr.pfb></usr/local/texlive/2019/texmf-dist/fonts/type1/urw/palatino/uplb8
a.pfb></usr/local/texlive/2019/texmf-dist/fonts/type1/urw/palatino/uplr8a.pfb><
/usr/local/texlive/2019/texmf-dist/fonts/type1/urw/palatino/uplri8a.pfb>
Output written on WhitePaper_EN-1.pdf (38 pages, 4208910 bytes).
PDF statistics:
 740 PDF objects out of 1000 (max. 8388607)
 575 compressed objects within 6 object streams
 137 named destinations out of 1000 (max. 500000)
 31687 words of extra memory for PDF output out of 35830 (max. 10000000)

